# Generated by Apache Directory Studio on 8 February, 2011 9:04:43 AM

# SCHEMA "PKCS9"
#!RESULT OK
#!CONNECTION ldap://localhost:10389
#!DATE 2013-09-30T12:57:57.971
dn: cn=pkcs9, ou=schema
objectclass: metaSchema
objectclass: top
cn: pkcs9
m-dependencies: system
m-dependencies: inetorgperson
m-dependencies: core

#!RESULT OK
#!CONNECTION ldap://localhost:10389
#!DATE 2013-09-30T12:57:57.979
dn: ou=attributeTypes, cn=pkcs9, ou=schema
objectclass: organizationalUnit
objectclass: top
ou: attributetypes

#!RESULT OK
#!CONNECTION ldap://localhost:10389
#!DATE 2013-09-30T12:57:58.005
dn: m-oid=1.2.840.113549.1.9.7, ou=attributetypes, cn=pkcs9, ou=schema
objectclass: metaAttributeType
objectclass: metaTop
objectclass: top
m-oid: 1.2.840.113549.1.9.7
m-name: challengePassword
m-description: Challenge password for certificate revocations
m-equality: caseExactMatch
m-syntax: 1.3.6.1.4.1.1466.115.121.1.15
m-length: 0
m-singleValue: TRUE

#!RESULT OK
#!CONNECTION ldap://localhost:10389
#!DATE 2013-09-30T12:57:58.031
dn: m-oid=1.3.6.1.5.5.7.9.2, ou=attributetypes, cn=pkcs9, ou=schema
objectclass: metaAttributeType
objectclass: metaTop
objectclass: top
m-oid: 1.3.6.1.5.5.7.9.2
m-name: placeOfBirth
m-description: Place of birth
m-equality: caseExactMatch
m-syntax: 1.3.6.1.4.1.1466.115.121.1.15
m-length: 0
m-singleValue: TRUE

#!RESULT OK
#!CONNECTION ldap://localhost:10389
#!DATE 2013-09-30T12:57:58.056
dn: m-oid=1.2.840.113549.1.9.3, ou=attributetypes, cn=pkcs9, ou=schema
objectclass: metaAttributeType
objectclass: metaTop
objectclass: top
m-oid: 1.2.840.113549.1.9.3
m-name: contentType
m-description: PKCS #7 content type attribute
m-equality: objectIdentifierMatch
m-syntax: 1.3.6.1.4.1.1466.115.121.1.38
m-length: 0
m-singleValue: TRUE

#!RESULT OK
#!CONNECTION ldap://localhost:10389
#!DATE 2013-09-30T12:57:58.087
dn: m-oid=1.2.840.113549.1.9.6, ou=attributetypes, cn=pkcs9, ou=schema
objectclass: metaAttributeType
objectclass: metaTop
objectclass: top
m-oid: 1.2.840.113549.1.9.6
m-name: counterSignature
m-description: PKCS #7 countersignature
m-syntax: 1.3.6.1.4.1.1466.115.121.1.5
m-length: 0

#!RESULT OK
#!CONNECTION ldap://localhost:10389
#!DATE 2013-09-30T12:57:58.129
dn: m-oid=1.2.840.113549.1.9.25.2, ou=attributetypes, cn=pkcs9, ou=schema
objectclass: metaAttributeType
objectclass: metaTop
objectclass: top
m-oid: 1.2.840.113549.1.9.25.2
m-name: encryptedPrivateKeyInfo
m-description: PKCS #8 encrypted private key info
m-syntax: 1.3.6.1.4.1.1466.115.121.1.5
m-length: 0

#!RESULT OK
#!CONNECTION ldap://localhost:10389
#!DATE 2013-09-30T12:57:58.153
dn: m-oid=1.3.6.1.5.5.7.9.3, ou=attributetypes, cn=pkcs9, ou=schema
objectclass: metaAttributeType
objectclass: metaTop
objectclass: top
m-oid: 1.3.6.1.5.5.7.9.3
m-name: gender
m-description: Gender
m-equality: caseIgnoreMatch
m-syntax: 1.3.6.1.4.1.1466.115.121.1.44
m-length: 0
m-singleValue: TRUE

#!RESULT OK
#!CONNECTION ldap://localhost:10389
#!DATE 2013-09-30T12:57:58.174
dn: m-oid=2.5.4.65, ou=attributetypes, cn=pkcs9, ou=schema
objectclass: metaAttributeType
objectclass: metaTop
objectclass: top
m-oid: 2.5.4.65
m-name: pseudonym
m-description: Pseudonym
m-equality: caseExactMatch
m-syntax: 1.3.6.1.4.1.1466.115.121.1.15
m-length: 0

#!RESULT OK
#!CONNECTION ldap://localhost:10389
#!DATE 2013-09-30T12:57:58.196
dn: m-oid=1.2.840.113549.1.9.4, ou=attributetypes, cn=pkcs9, ou=schema
objectclass: metaAttributeType
objectclass: metaTop
objectclass: top
m-oid: 1.2.840.113549.1.9.4
m-name: messageDigest
m-description: PKCS #7 mesage digest attribute
m-equality: octetStringMatch
m-syntax: 1.3.6.1.4.1.1466.115.121.1.5
m-length: 0
m-singleValue: TRUE

#!RESULT OK
#!CONNECTION ldap://localhost:10389
#!DATE 2013-09-30T12:57:58.222
dn: m-oid=1.3.6.1.5.5.7.9.1, ou=attributetypes, cn=pkcs9, ou=schema
objectclass: metaAttributeType
objectclass: metaTop
objectclass: top
m-oid: 1.3.6.1.5.5.7.9.1
m-name: dateOfBirth
m-description: Date of birth
m-equality: generalizedTimeMatch
m-syntax: 1.3.6.1.4.1.1466.115.121.1.24
m-length: 0
m-singleValue: TRUE

#!RESULT OK
#!CONNECTION ldap://localhost:10389
#!DATE 2013-09-30T12:57:58.247
dn: m-oid=1.3.6.1.5.5.7.9.5, ou=attributetypes, cn=pkcs9, ou=schema
objectclass: metaAttributeType
objectclass: metaTop
objectclass: top
m-oid: 1.3.6.1.5.5.7.9.5
m-name: countryOfResidence
m-description: Country of residence
m-equality: caseIgnoreMatch
m-syntax: 1.3.6.1.4.1.1466.115.121.1.44
m-length: 0

#!RESULT OK
#!CONNECTION ldap://localhost:10389
#!DATE 2013-09-30T12:57:58.281
dn: m-oid=1.2.840.113549.1.9.8, ou=attributetypes, cn=pkcs9, ou=schema
objectclass: metaAttributeType
objectclass: metaTop
objectclass: top
m-oid: 1.2.840.113549.1.9.8
m-name: unstructuredAddress
m-description: PKCS #9 unstructured address
m-equality: caseIgnoreMatch
m-syntax: 1.3.6.1.4.1.1466.115.121.1.15
m-length: 0

#!RESULT OK
#!CONNECTION ldap://localhost:10389
#!DATE 2013-09-30T12:57:58.303
dn: m-oid=1.2.840.113549.1.9.25.1, ou=attributetypes, cn=pkcs9, ou=schema
objectclass: metaAttributeType
objectclass: metaTop
objectclass: top
m-oid: 1.2.840.113549.1.9.25.1
m-name: pKCS15Token
m-description: PKCS #15 token PDU
m-syntax: 1.3.6.1.4.1.1466.115.121.1.5
m-length: 0

#!RESULT OK
#!CONNECTION ldap://localhost:10389
#!DATE 2013-09-30T12:57:58.332
dn: m-oid=1.2.840.113549.1.9.25.5, ou=attributetypes, cn=pkcs9, ou=schema
objectclass: metaAttributeType
objectclass: metaTop
objectclass: top
m-oid: 1.2.840.113549.1.9.25.5
m-name: pKCS7PDU
m-description: PKCS #7 ContentInfo PDU
m-syntax: 1.3.6.1.4.1.1466.115.121.1.5
m-length: 0

#!RESULT OK
#!CONNECTION ldap://localhost:10389
#!DATE 2013-09-30T12:57:58.364
dn: m-oid=1.3.6.1.5.5.7.9.4, ou=attributetypes, cn=pkcs9, ou=schema
objectclass: metaAttributeType
objectclass: metaTop
objectclass: top
m-oid: 1.3.6.1.5.5.7.9.4
m-name: countryOfCitizenship
m-description: Country of citizenship
m-equality: caseIgnoreMatch
m-syntax: 1.3.6.1.4.1.1466.115.121.1.44
m-length: 0

#!RESULT OK
#!CONNECTION ldap://localhost:10389
#!DATE 2013-09-30T12:57:58.371
dn: ou=comparators, cn=pkcs9, ou=schema
objectclass: organizationalUnit
objectclass: top
ou: comparators

#!RESULT OK
#!CONNECTION ldap://localhost:10389
#!DATE 2013-09-30T12:57:58.377
dn: ou=ditContentRules, cn=pkcs9, ou=schema
objectclass: organizationalUnit
objectclass: top
ou: ditcontentrules

#!RESULT OK
#!CONNECTION ldap://localhost:10389
#!DATE 2013-09-30T12:57:58.385
dn: ou=ditStructureRules, cn=pkcs9, ou=schema
objectclass: organizationalUnit
objectclass: top
ou: ditstructurerules

#!RESULT OK
#!CONNECTION ldap://localhost:10389
#!DATE 2013-09-30T12:57:58.393
dn: ou=matchingRules, cn=pkcs9, ou=schema
objectclass: organizationalUnit
objectclass: top
ou: matchingrules

#!RESULT OK
#!CONNECTION ldap://localhost:10389
#!DATE 2013-09-30T12:57:58.400
dn: ou=matchingRuleUse, cn=pkcs9, ou=schema
objectclass: organizationalUnit
objectclass: top
ou: matchingruleuse

#!RESULT OK
#!CONNECTION ldap://localhost:10389
#!DATE 2013-09-30T12:57:58.407
dn: ou=nameForms, cn=pkcs9, ou=schema
objectclass: organizationalUnit
objectclass: top
ou: nameforms

#!RESULT OK
#!CONNECTION ldap://localhost:10389
#!DATE 2013-09-30T12:57:58.414
dn: ou=normalizers, cn=pkcs9, ou=schema
objectclass: organizationalUnit
objectclass: top
ou: normalizers

#!RESULT OK
#!CONNECTION ldap://localhost:10389
#!DATE 2013-09-30T12:57:58.420
dn: ou=objectClasses, cn=pkcs9, ou=schema
objectclass: organizationalUnit
objectclass: top
ou: objectClasses

#!RESULT OK
#!CONNECTION ldap://localhost:10389
#!DATE 2013-09-30T12:57:58.444
dn: m-oid=1.2.840.113549.1.9.24.1, ou=objectclasses, cn=pkcs9, ou=schema
objectclass: metaObjectClass
objectclass: metaTop
objectclass: top
m-oid: 1.2.840.113549.1.9.24.1
m-name: pkcsEntity
m-supObjectClass: top
m-typeObjectClass: AUXILIARY
m-may: pKCS7PDU
m-may: userPKCS12
m-may: pKCS15Token
m-may: encryptedPrivateKeyInfo

#!RESULT OK
#!CONNECTION ldap://localhost:10389
#!DATE 2013-09-30T12:57:58.482
dn: m-oid=1.2.840.113549.1.9.24.2, ou=objectclasses, cn=pkcs9, ou=schema
objectclass: metaObjectClass
objectclass: metaTop
objectclass: top
m-oid: 1.2.840.113549.1.9.24.2
m-name: naturalPerson
m-supObjectClass: top
m-typeObjectClass: AUXILIARY
m-may: emailAddress
m-may: unstructuredAddress
m-may: dateOfBirth
m-may: placeOfBirth
m-may: gender
m-may: countryOfCitizenship
m-may: countryOfResidence
m-may: pseudonym
m-may: serialNumber

#!RESULT OK
#!CONNECTION ldap://localhost:10389
#!DATE 2013-09-30T12:57:58.490
dn: ou=syntaxCheckers, cn=pkcs9, ou=schema
objectclass: organizationalUnit
objectclass: top
ou: syntaxcheckers

#!RESULT OK
#!CONNECTION ldap://localhost:10389
#!DATE 2013-09-30T12:57:58.499
dn: ou=syntaxes, cn=pkcs9, ou=schema
objectclass: organizationalUnit
objectclass: top
ou: syntaxes

